[debug] [2025-05-03T10:25:01.167Z] ----------------------------------------------------------------------
[debug] [2025-05-03T10:25:01.169Z] Command:       C:\Program Files\nodejs\node.exe C:\Owais\farewell 2025\csefarewell2k25\node_modules\firebase-tools\lib\bin\firebase.js deploy --only hosting
[debug] [2025-05-03T10:25:01.169Z] CLI Version:   14.2.1
[debug] [2025-05-03T10:25:01.170Z] Platform:      win32
[debug] [2025-05-03T10:25:01.170Z] Node Version:  v20.15.0
[debug] [2025-05-03T10:25:01.170Z] Time:          Sat May 03 2025 15:55:01 GMT+0530 (India Standard Time)
[debug] [2025-05-03T10:25:01.170Z] ----------------------------------------------------------------------
[debug] 
[debug] [2025-05-03T10:25:01.314Z] > command requires scopes: ["email","openid","https://www.googleapis.com/auth/cloudplatformprojects.readonly","https://www.googleapis.com/auth/firebase","https://www.googleapis.com/auth/cloud-platform"]
[debug] [2025-05-03T10:25:01.315Z] > authorizing via signed-in user (oaak78692@gmail.com)
[debug] [2025-05-03T10:25:01.315Z] [iam] checking project oblivion-3c64c for permissions ["firebase.projects.get","firebasehosting.sites.update"]
[debug] [2025-05-03T10:25:01.317Z] Checked if tokens are valid: false, expires at: 1746216195478
[debug] [2025-05-03T10:25:01.317Z] Checked if tokens are valid: false, expires at: 1746216195478
[debug] [2025-05-03T10:25:01.317Z] > refreshing access token with scopes: []
[debug] [2025-05-03T10:25:01.318Z] >>> [apiv2][query] POST https://www.googleapis.com/oauth2/v3/token [none]
[debug] [2025-05-03T10:25:01.319Z] >>> [apiv2][body] POST https://www.googleapis.com/oauth2/v3/token [omitted]
[debug] [2025-05-03T10:25:01.719Z] <<< [apiv2][status] POST https://www.googleapis.com/oauth2/v3/token 200
[debug] [2025-05-03T10:25:01.720Z] <<< [apiv2][body] POST https://www.googleapis.com/oauth2/v3/token [omitted]
[debug] [2025-05-03T10:25:01.724Z] >>> [apiv2][query] POST https://cloudresourcemanager.googleapis.com/v1/projects/oblivion-3c64c:testIamPermissions [none]
[debug] [2025-05-03T10:25:01.724Z] >>> [apiv2][(partial)header] POST https://cloudresourcemanager.googleapis.com/v1/projects/oblivion-3c64c:testIamPermissions x-goog-quota-user=projects/oblivion-3c64c
[debug] [2025-05-03T10:25:01.724Z] >>> [apiv2][body] POST https://cloudresourcemanager.googleapis.com/v1/projects/oblivion-3c64c:testIamPermissions {"permissions":["firebase.projects.get","firebasehosting.sites.update"]}
